<?xml version="1.0" encoding="UTF-8"?>
<!-- Generated by org.testng.reporters.JUnitReportReporter -->
<testsuite skipped="0" hostname="DESKTOP-NQA0MPQ" name="Homepage.Auto1" tests="1" failures="0" timestamp="2021-01-27T16:45:37 IST" time="21.648" errors="0">
  <testcase name="validateHomePage2" time="21.648" classname="Homepage.Auto1"/>
  <system-out/>
</testsuite> <!-- Homepage.Auto1 -->
