<?xml version="1.0" encoding="UTF-8"?>
<!-- Generated by org.testng.reporters.JUnitReportReporter -->
<testsuite skipped="0" hostname="DESKTOP-NQA0MPQ" name="Homepage.Auto1" tests="1" failures="0" timestamp="2021-01-26T18:00:55 IST" time="22.163" errors="0">
  <testcase name="validateHomePage2" time="22.163" classname="Homepage.Auto1"/>
  <system-out/>
</testsuite> <!-- Homepage.Auto1 -->
